<?xml version="1.0" encoding="utf-8"?><testsuites name="pytest tests"><testsuite name="pytest" errors="0" failures="2" skipped="0" tests="21" time="0.359" timestamp="2026-01-21T02:25:59.576985+00:00" hostname="agent-env-615cd8a3-a9f4-45a6-90e9-3f88d10b0976"><testcase classname="tests.test_starving_artists_api.TestLandingPage" name="test_landing_page_loads" time="0.004" /><testcase classname="tests.test_starving_artists_api.TestLobbyCreation" name="test_create_game_success" time="0.003" /><testcase classname="tests.test_starving_artists_api.TestLobbyCreation" name="test_create_game_invalid_name_empty" time="0.002" /><testcase classname="tests.test_starving_artists_api.TestLobbyCreation" name="test_create_game_invalid_name_short" time="0.004" /><testcase classname="tests.test_starving_artists_api.TestLobbyJoin" name="test_join_game_success" time="0.004" /><testcase classname="tests.test_starving_artists_api.TestLobbyJoin" name="test_join_game_invalid_id" time="0.003" /><testcase classname="tests.test_starving_artists_api.TestLobbyJoin" name="test_join_game_duplicate_name" time="0.004" /><testcase classname="tests.test_starving_artists_api.TestLobbyPage" name="test_lobby_page_loads" time="0.004" /><testcase classname="tests.test_starving_artists_api.TestLobbyPage" name="test_lobby_page_invalid_game" time="0.004" /><testcase classname="tests.test_starving_artists_api.TestGameStart" name="test_start_game_with_two_players" time="0.005" /><testcase classname="tests.test_starving_artists_api.TestGameStart" name="test_start_game_not_enough_players" time="0.003" /><testcase classname="tests.test_starving_artists_api.TestGamePage" name="test_game_page_loads" time="0.009" /><testcase classname="tests.test_starving_artists_api.TestGamePage" name="test_game_page_unauthorized" time="0.006" /><testcase classname="tests.test_starving_artists_api.TestGameActions" name="test_work_action" time="0.009" /><testcase classname="tests.test_starving_artists_api.TestGameActions" name="test_work_action_not_your_turn" time="0.008" /><testcase classname="tests.test_starving_artists_api.TestGameActions" name="test_end_turn_action" time="0.009" /><testcase classname="tests.test_starving_artists_api.TestGameActions" name="test_buy_canvas_action" time="0.011" /><testcase classname="tests.test_starving_artists_api.TestGameState" name="test_get_game_state" time="0.007" /><testcase classname="tests.test_starving_artists_api.TestLeaveLobby" name="test_leave_lobby" time="0.005" /><testcase classname="tests.test_starving_artists_api.TestStaticPages" name="test_rules_page" time="0.003"><failure message="assert 500 in [200, 404]&#10; +  where 500 = &lt;Response [500]&gt;.status_code">tests/test_starving_artists_api.py:536: in test_rules_page
    assert response.status_code in [200, 404]
E   assert 500 in [200, 404]
E    +  where 500 = &lt;Response [500]&gt;.status_code</failure></testcase><testcase classname="tests.test_starving_artists_api.TestStaticPages" name="test_about_page" time="0.004"><failure message="assert 500 in [200, 404]&#10; +  where 500 = &lt;Response [500]&gt;.status_code">tests/test_starving_artists_api.py:543: in test_about_page
    assert response.status_code in [200, 404]
E   assert 500 in [200, 404]
E    +  where 500 = &lt;Response [500]&gt;.status_code</failure></testcase></testsuite></testsuites>